Flow report for segmentos_7
Fri Feb 16 09:45:18 2024
Quartus Prime Version 20.1.0 Build 711 06/05/2020 SJ Lite Edition


---------------------
; Table of Contents ;
---------------------
  1. Legal Notice
  2. Flow Summary
  3. Flow Settings
  4. Flow Non-Default Global Settings
  5. Flow Elapsed Time
  6. Flow OS Summary
  7. Flow Log
  8. Flow Messages
  9. Flow Suppressed Messages



----------------
; Legal Notice ;
----------------
Copyright (C) 2020  Intel Corporation. All rights reserved.
Your use of Intel Corporation's design tools, logic functions 
and other software and tools, and any partner logic 
functions, and any output files from any of the foregoing 
(including device programming or simulation files), and any 
associated documentation or information are expressly subject 
to the terms and conditions of the Intel Program License 
Subscription Agreement, the Intel Quartus Prime License Agreement,
the Intel FPGA IP License Agreement, or other applicable license
agreement, including, without limitation, that your use is for
the sole purpose of programming logic devices manufactured by
Intel and sold by Intel or its authorized distributors.  Please
refer to the applicable agreement for further details, at
https://fpgasoftware.intel.com/eula.



+----------------------------------------------------------------------------------+
; Flow Summary                                                                     ;
+------------------------------------+---------------------------------------------+
; Flow Status                        ; Successful - Fri Feb 16 09:45:18 2024       ;
; Quartus Prime Version              ; 20.1.0 Build 711 06/05/2020 SJ Lite Edition ;
; Revision Name                      ; segmentos_7                                 ;
; Top-level Entity Name              ; segmentos_7_wr                              ;
; Family                             ; MAX 10                                      ;
; Device                             ; 10M50DAF484C7G                              ;
; Timing Models                      ; Final                                       ;
; Total logic elements               ; 8 / 49,760 ( < 1 % )                        ;
;     Total combinational functions  ; 8 / 49,760 ( < 1 % )                        ;
;     Dedicated logic registers      ; 0 / 49,760 ( 0 % )                          ;
; Total registers                    ; 0                                           ;
; Total pins                         ; 11 / 360 ( 3 % )                            ;
; Total virtual pins                 ; 0                                           ;
; Total memory bits                  ; 0 / 1,677,312 ( 0 % )                       ;
; Embedded Multiplier 9-bit elements ; 0 / 288 ( 0 % )                             ;
; Total PLLs                         ; 0 / 4 ( 0 % )                               ;
; UFM blocks                         ; 0 / 1 ( 0 % )                               ;
; ADC blocks                         ; 0 / 2 ( 0 % )                               ;
+------------------------------------+---------------------------------------------+


+-----------------------------------------+
; Flow Settings                           ;
+-------------------+---------------------+
; Option            ; Setting             ;
+-------------------+---------------------+
; Start date & time ; 02/16/2024 09:44:50 ;
; Main task         ; Compilation         ;
; Revision Name     ; segmentos_7         ;
+-------------------+---------------------+


+----------------------------------------------------------------------------------------------------------------------------------------------------+
; Flow Non-Default Global Settings                                                                                                                   ;
+--------------------------------------+----------------------------------------+---------------+----------------+-----------------------------------+
; Assignment Name                      ; Value                                  ; Default Value ; Entity Name    ; Section Id                        ;
+--------------------------------------+----------------------------------------+---------------+----------------+-----------------------------------+
; COMPILER_SIGNATURE_ID                ; 4930995164581.170809829015680          ; --            ; --             ; --                                ;
; EDA_DESIGN_INSTANCE_NAME             ; NA                                     ; --            ; --             ; segmentos_7_tb                    ;
; EDA_GENERATE_FUNCTIONAL_NETLIST      ; Off                                    ; --            ; --             ; eda_board_design_timing           ;
; EDA_GENERATE_FUNCTIONAL_NETLIST      ; Off                                    ; --            ; --             ; eda_board_design_boundary_scan    ;
; EDA_GENERATE_FUNCTIONAL_NETLIST      ; Off                                    ; --            ; --             ; eda_board_design_signal_integrity ;
; EDA_GENERATE_FUNCTIONAL_NETLIST      ; Off                                    ; --            ; --             ; eda_board_design_symbol           ;
; EDA_NATIVELINK_SIMULATION_TEST_BENCH ; segmentos_7_tb                         ; --            ; --             ; eda_simulation                    ;
; EDA_OUTPUT_DATA_FORMAT               ; Verilog Hdl                            ; --            ; --             ; eda_simulation                    ;
; EDA_SIMULATION_TOOL                  ; ModelSim-Altera (Verilog)              ; <None>        ; --             ; --                                ;
; EDA_TEST_BENCH_ENABLE_STATUS         ; TEST_BENCH_MODE                        ; --            ; --             ; eda_simulation                    ;
; EDA_TEST_BENCH_FILE                  ; segmentos_7_tb.v                       ; --            ; --             ; segmentos_7_tb                    ;
; EDA_TEST_BENCH_MODULE_NAME           ; segmentos_7_tb                         ; --            ; --             ; segmentos_7_tb                    ;
; EDA_TEST_BENCH_NAME                  ; segmentos_7_tb                         ; --            ; --             ; eda_simulation                    ;
; EDA_TIME_SCALE                       ; 1 ps                                   ; --            ; --             ; eda_simulation                    ;
; MAX_CORE_JUNCTION_TEMP               ; 85                                     ; --            ; --             ; --                                ;
; MIN_CORE_JUNCTION_TEMP               ; 0                                      ; --            ; --             ; --                                ;
; PARTITION_COLOR                      ; -- (Not supported for targeted family) ; --            ; segmentos_7_wr ; Top                               ;
; PARTITION_FITTER_PRESERVATION_LEVEL  ; -- (Not supported for targeted family) ; --            ; segmentos_7_wr ; Top                               ;
; PARTITION_NETLIST_TYPE               ; -- (Not supported for targeted family) ; --            ; segmentos_7_wr ; Top                               ;
; POWER_BOARD_THERMAL_MODEL            ; None (CONSERVATIVE)                    ; --            ; --             ; --                                ;
; POWER_PRESET_COOLING_SOLUTION        ; 23 MM HEAT SINK WITH 200 LFPM AIRFLOW  ; --            ; --             ; --                                ;
; PROJECT_OUTPUT_DIRECTORY             ; output_files                           ; --            ; --             ; --                                ;
; TOP_LEVEL_ENTITY                     ; segmentos_7_wr                         ; segmentos_7   ; --             ; --                                ;
+--------------------------------------+----------------------------------------+---------------+----------------+-----------------------------------+


+--------------------------------------------------------------------------------------------------------------------------+
; Flow Elapsed Time                                                                                                        ;
+----------------------+--------------+-------------------------+---------------------+------------------------------------+
; Module Name          ; Elapsed Time ; Average Processors Used ; Peak Virtual Memory ; Total CPU Time (on all processors) ;
+----------------------+--------------+-------------------------+---------------------+------------------------------------+
; Analysis & Synthesis ; 00:00:07     ; 1.0                     ; 4767 MB             ; 00:00:08                           ;
; Fitter               ; 00:00:09     ; 1.0                     ; 5775 MB             ; 00:00:05                           ;
; Assembler            ; 00:00:03     ; 1.0                     ; 4696 MB             ; 00:00:01                           ;
; Timing Analyzer      ; 00:00:03     ; 1.0                     ; 4852 MB             ; 00:00:01                           ;
; EDA Netlist Writer   ; 00:00:00     ; 1.0                     ; 4645 MB             ; 00:00:00                           ;
; Total                ; 00:00:22     ; --                      ; --                  ; 00:00:15                           ;
+----------------------+--------------+-------------------------+---------------------+------------------------------------+


+------------------------------------------------------------------------------------+
; Flow OS Summary                                                                    ;
+----------------------+------------------+------------+------------+----------------+
; Module Name          ; Machine Hostname ; OS Name    ; OS Version ; Processor type ;
+----------------------+------------------+------------+------------+----------------+
; Analysis & Synthesis ; MSI-de-Sofia     ; Windows 10 ; 10.0       ; x86_64         ;
; Fitter               ; MSI-de-Sofia     ; Windows 10 ; 10.0       ; x86_64         ;
; Assembler            ; MSI-de-Sofia     ; Windows 10 ; 10.0       ; x86_64         ;
; Timing Analyzer      ; MSI-de-Sofia     ; Windows 10 ; 10.0       ; x86_64         ;
; EDA Netlist Writer   ; MSI-de-Sofia     ; Windows 10 ; 10.0       ; x86_64         ;
+----------------------+------------------+------------+------------+----------------+


------------
; Flow Log ;
------------
quartus_map --read_settings_files=on --write_settings_files=off segmentos_7 -c segmentos_7
quartus_fit --read_settings_files=off --write_settings_files=off segmentos_7 -c segmentos_7
quartus_asm --read_settings_files=off --write_settings_files=off segmentos_7 -c segmentos_7
quartus_sta segmentos_7 -c segmentos_7
quartus_eda --read_settings_files=off --write_settings_files=off segmentos_7 -c segmentos_7



